2019-05-04 20:52:58 WARNING (MainThread) [homeassistant.loader] You are using a custom integration for custom_updater which has not been tested by Home Assistant. This component might cause stability problems, be sure to disable it if you do experience issues with Home Assistant.
2019-05-04 20:52:59 WARNING (Recorder) [homeassistant.components.recorder] Ended unfinished session (id=82 from 2019-05-04 22:47:06.393414)
2019-05-04 20:53:00 WARNING (MainThread) [homeassistant.loader] You are using a custom integration for onkyo which has not been tested by Home Assistant. This component might cause stability problems, be sure to disable it if you do experience issues with Home Assistant.
2019-05-04 20:53:10 WARNING (MainThread) [homeassistant.components.light] Setup of platform flux_led is taking over 10 seconds.
2019-05-04 20:53:11 WARNING (MainThread) [homeassistant.components.sensor] Setup of platform ring is taking over 10 seconds.
2019-05-04 20:53:18 WARNING (SyncWorker_4) [homeassistant.components.flux_led.light] Failed to connect to bulb 192.168.1.196, awning
2019-05-04 20:53:28 WARNING (MainThread) [homeassistant.components.camera] Setup of platform ring is taking over 10 seconds.
2019-05-04 20:53:29 WARNING (MainThread) [homeassistant.components.template.sensor] Could not render template since_last_boot_templated, the state is unknown.
2019-05-04 20:53:30 WARNING (MainThread) [homeassistant.helpers.service] Unable to find services.yaml for the custom_updater integration
2019-05-04 20:53:59 WARNING (MainThread) [homeassistant.helpers.entity] Update of light.awning is taking over 10 seconds
2019-05-04 20:54:11 ERROR (MainThread) [frontend.js.latest.201904240] https://ra0hcs8sknbwomk6dlx56orpltojnji3.ui.nabu.casa/frontend_latest/chunk.4e658893eb3987694e23.js:1:973 TypeError: undefined is not an object (evaluating 'window.webkit.messageHandlers.externalBus.postMessage')
2019-05-04 20:54:45 ERROR (MainThread) [homeassistant.components.hassio.http] Client error on api app/entrypoint.js request None
2019-05-04 20:55:01 WARNING (MainThread) [homeassistant.helpers.entity] Update of light.awning is taking over 10 seconds
2019-05-04 20:55:31 WARNING (MainThread) [homeassistant.helpers.entity] Update of light.awning is taking over 10 seconds
2019-05-04 20:56:02 WARNING (MainThread) [homeassistant.helpers.entity] Update of light.awning is taking over 10 seconds
2019-05-04 20:57:34 WARNING (MainThread) [homeassistant.helpers.entity] Update of light.awning is taking over 10 seconds
2019-05-04 21:57:04 WARNING (MainThread) [homeassistant.helpers.entity] Update of light.awning is taking over 10 seconds
2019-05-04 21:57:35 WARNING (MainThread) [homeassistant.helpers.entity] Update of light.awning is taking over 10 seconds
2019-05-04 22:02:43 WARNING (MainThread) [homeassistant.helpers.entity] Update of light.awning is taking over 10 seconds
2019-05-04 22:03:13 WARNING (MainThread) [homeassistant.helpers.entity] Update of light.awning is taking over 10 seconds
2019-05-04 22:03:44 WARNING (MainThread) [homeassistant.helpers.entity] Update of light.awning is taking over 10 seconds
2019-05-04 22:04:46 WARNING (MainThread) [homeassistant.helpers.entity] Update of light.awning is taking over 10 seconds
2019-05-04 22:05:17 WARNING (MainThread) [homeassistant.helpers.entity] Update of light.awning is taking over 10 seconds
2019-05-04 22:06:19 WARNING (MainThread) [homeassistant.helpers.entity] Update of light.awning is taking over 10 seconds
2019-05-04 22:06:50 WARNING (MainThread) [homeassistant.helpers.entity] Update of light.awning is taking over 10 seconds
2019-05-04 22:07:21 WARNING (MainThread) [homeassistant.helpers.entity] Update of light.awning is taking over 10 seconds
2019-05-04 22:36:35 WARNING (MainThread) [homeassistant.helpers.entity] Update of light.awning is taking over 10 seconds
2019-05-04 22:37:05 WARNING (MainThread) [homeassistant.helpers.entity] Update of light.awning is taking over 10 seconds
2019-05-04 22:37:36 WARNING (MainThread) [homeassistant.helpers.entity] Update of light.awning is taking over 10 seconds
2019-05-04 22:38:07 WARNING (MainThread) [homeassistant.helpers.entity] Update of light.awning is taking over 10 seconds
2019-05-04 22:38:37 WARNING (MainThread) [homeassistant.helpers.entity] Update of light.awning is taking over 10 seconds
2019-05-04 22:39:08 WARNING (MainThread) [homeassistant.helpers.entity] Update of light.awning is taking over 10 seconds
2019-05-04 22:39:39 WARNING (MainThread) [homeassistant.helpers.entity] Update of light.awning is taking over 10 seconds
2019-05-04 22:40:10 WARNING (MainThread) [homeassistant.helpers.entity] Update of light.awning is taking over 10 seconds
2019-05-04 23:27:58 WARNING (MainThread) [homeassistant.helpers.entity] Update of light.awning is taking over 10 seconds
2019-05-04 23:29:00 WARNING (MainThread) [homeassistant.helpers.entity] Update of light.awning is taking over 10 seconds
2019-05-04 23:30:02 WARNING (MainThread) [homeassistant.helpers.entity] Update of light.awning is taking over 10 seconds
2019-05-04 23:30:33 WARNING (MainThread) [homeassistant.helpers.entity] Update of light.awning is taking over 10 seconds
2019-05-04 23:31:34 WARNING (MainThread) [homeassistant.helpers.entity] Update of light.awning is taking over 10 seconds
2019-05-04 23:32:05 WARNING (MainThread) [homeassistant.helpers.entity] Update of light.awning is taking over 10 seconds
2019-05-04 23:32:36 WARNING (MainThread) [homeassistant.helpers.entity] Update of light.awning is taking over 10 seconds
2019-05-04 23:34:39 WARNING (MainThread) [homeassistant.helpers.entity] Update of light.awning is taking over 10 seconds
2019-05-04 23:35:10 WARNING (MainThread) [homeassistant.helpers.entity] Update of light.awning is taking over 10 seconds
2019-05-04 23:35:41 WARNING (MainThread) [homeassistant.helpers.entity] Update of light.awning is taking over 10 seconds
2019-05-04 23:36:11 WARNING (MainThread) [homeassistant.helpers.entity] Update of light.awning is taking over 10 seconds
2019-05-04 23:37:12 WARNING (MainThread) [homeassistant.helpers.entity] Update of light.awning is taking over 10 seconds
2019-05-04 23:38:14 WARNING (MainThread) [homeassistant.helpers.entity] Update of light.awning is taking over 10 seconds
2019-05-04 23:38:44 WARNING (MainThread) [homeassistant.helpers.entity] Update of light.awning is taking over 10 seconds
2019-05-04 23:39:15 WARNING (MainThread) [homeassistant.helpers.entity] Update of light.awning is taking over 10 seconds
2019-05-04 23:39:46 WARNING (MainThread) [homeassistant.helpers.entity] Update of light.awning is taking over 10 seconds
2019-05-04 23:40:47 WARNING (MainThread) [homeassistant.helpers.entity] Update of light.awning is taking over 10 seconds
2019-05-04 23:41:18 WARNING (MainThread) [homeassistant.helpers.entity] Update of light.awning is taking over 10 seconds
2019-05-04 23:41:49 WARNING (MainThread) [homeassistant.helpers.entity] Update of light.awning is taking over 10 seconds
2019-05-04 23:42:20 WARNING (MainThread) [homeassistant.helpers.entity] Update of light.awning is taking over 10 seconds
2019-05-04 23:42:51 WARNING (MainThread) [homeassistant.helpers.entity] Update of light.awning is taking over 10 seconds
2019-05-04 23:43:21 WARNING (MainThread) [homeassistant.helpers.entity] Update of light.awning is taking over 10 seconds
2019-05-04 23:44:22 WARNING (MainThread) [homeassistant.helpers.entity] Update of light.awning is taking over 10 seconds
2019-05-04 23:44:53 WARNING (MainThread) [homeassistant.helpers.entity] Update of light.awning is taking over 10 seconds
2019-05-04 23:45:24 WARNING (MainThread) [homeassistant.helpers.entity] Update of light.awning is taking over 10 seconds
2019-05-04 23:45:54 WARNING (MainThread) [homeassistant.helpers.entity] Update of light.awning is taking over 10 seconds
2019-05-04 23:46:25 WARNING (MainThread) [homeassistant.helpers.entity] Update of light.awning is taking over 10 seconds
2019-05-04 23:46:56 WARNING (MainThread) [homeassistant.helpers.entity] Update of light.awning is taking over 10 seconds
2019-05-04 23:47:27 WARNING (MainThread) [homeassistant.helpers.entity] Update of light.awning is taking over 10 seconds
2019-05-04 23:47:57 WARNING (MainThread) [homeassistant.helpers.entity] Update of light.awning is taking over 10 seconds
2019-05-04 23:48:28 WARNING (MainThread) [homeassistant.helpers.entity] Update of light.awning is taking over 10 seconds
2019-05-04 23:50:00 WARNING (MainThread) [homeassistant.helpers.entity] Update of light.awning is taking over 10 seconds
2019-05-04 23:50:31 WARNING (MainThread) [homeassistant.helpers.entity] Update of light.awning is taking over 10 seconds
2019-05-04 23:51:02 WARNING (MainThread) [homeassistant.helpers.entity] Update of light.awning is taking over 10 seconds
2019-05-04 23:52:33 WARNING (MainThread) [homeassistant.helpers.entity] Update of light.awning is taking over 10 seconds
2019-05-04 23:53:35 WARNING (MainThread) [homeassistant.helpers.entity] Update of light.awning is taking over 10 seconds
2019-05-04 23:54:05 WARNING (MainThread) [homeassistant.helpers.entity] Update of light.awning is taking over 10 seconds
2019-05-04 23:55:38 WARNING (MainThread) [homeassistant.helpers.entity] Update of light.awning is taking over 10 seconds
2019-05-04 23:56:09 WARNING (MainThread) [homeassistant.helpers.entity] Update of light.awning is taking over 10 seconds
2019-05-04 23:56:40 WARNING (MainThread) [homeassistant.helpers.entity] Update of light.awning is taking over 10 seconds
2019-05-04 23:57:11 WARNING (MainThread) [homeassistant.helpers.entity] Update of light.awning is taking over 10 seconds
2019-05-04 23:57:42 WARNING (MainThread) [homeassistant.helpers.entity] Update of light.awning is taking over 10 seconds
2019-05-04 23:58:12 WARNING (MainThread) [homeassistant.helpers.entity] Update of light.awning is taking over 10 seconds
2019-05-04 23:59:45 WARNING (MainThread) [homeassistant.helpers.entity] Update of light.awning is taking over 10 seconds
2019-05-05 00:00:46 WARNING (MainThread) [homeassistant.helpers.entity] Update of light.awning is taking over 10 seconds
2019-05-05 00:01:17 WARNING (MainThread) [homeassistant.helpers.entity] Update of light.awning is taking over 10 seconds
2019-05-05 00:01:47 WARNING (MainThread) [homeassistant.helpers.entity] Update of light.awning is taking over 10 seconds
2019-05-05 00:02:18 WARNING (MainThread) [homeassistant.helpers.entity] Update of light.awning is taking over 10 seconds
2019-05-05 00:02:49 WARNING (MainThread) [homeassistant.helpers.entity] Update of light.awning is taking over 10 seconds
2019-05-05 00:03:50 WARNING (MainThread) [homeassistant.helpers.entity] Update of light.awning is taking over 10 seconds
2019-05-05 00:04:51 WARNING (MainThread) [homeassistant.helpers.entity] Update of light.awning is taking over 10 seconds
2019-05-05 00:06:24 WARNING (MainThread) [homeassistant.helpers.entity] Update of light.awning is taking over 10 seconds
2019-05-05 00:06:55 WARNING (MainThread) [homeassistant.helpers.entity] Update of light.awning is taking over 10 seconds
2019-05-05 00:07:26 WARNING (MainThread) [homeassistant.helpers.entity] Update of light.awning is taking over 10 seconds
2019-05-05 00:26:27 WARNING (MainThread) [homeassistant.helpers.entity] Update of light.awning is taking over 10 seconds
2019-05-05 00:27:29 WARNING (MainThread) [homeassistant.helpers.entity] Update of light.awning is taking over 10 seconds
2019-05-05 00:28:31 WARNING (MainThread) [homeassistant.helpers.entity] Update of light.awning is taking over 10 seconds
2019-05-05 00:29:02 WARNING (MainThread) [homeassistant.helpers.entity] Update of light.awning is taking over 10 seconds
2019-05-05 00:30:03 WARNING (MainThread) [homeassistant.helpers.entity] Update of light.awning is taking over 10 seconds
2019-05-05 00:30:34 WARNING (MainThread) [homeassistant.helpers.entity] Update of light.awning is taking over 10 seconds
2019-05-05 00:31:05 WARNING (MainThread) [homeassistant.helpers.entity] Update of light.awning is taking over 10 seconds
2019-05-05 00:31:36 WARNING (MainThread) [homeassistant.helpers.entity] Update of light.awning is taking over 10 seconds
2019-05-05 00:32:07 WARNING (MainThread) [homeassistant.helpers.entity] Update of light.awning is taking over 10 seconds
2019-05-05 00:32:38 WARNING (MainThread) [homeassistant.helpers.entity] Update of light.awning is taking over 10 seconds
2019-05-05 00:33:08 WARNING (MainThread) [homeassistant.helpers.entity] Update of light.awning is taking over 10 seconds
2019-05-05 00:36:12 WARNING (MainThread) [homeassistant.helpers.entity] Update of light.awning is taking over 10 seconds
2019-05-05 00:36:43 WARNING (MainThread) [homeassistant.helpers.entity] Update of light.awning is taking over 10 seconds
2019-05-05 00:37:14 WARNING (MainThread) [homeassistant.helpers.entity] Update of light.awning is taking over 10 seconds
2019-05-05 00:38:16 WARNING (MainThread) [homeassistant.helpers.entity] Update of light.awning is taking over 10 seconds
2019-05-05 00:38:47 WARNING (MainThread) [homeassistant.helpers.entity] Update of light.awning is taking over 10 seconds
2019-05-05 00:39:18 WARNING (MainThread) [homeassistant.helpers.entity] Update of light.awning is taking over 10 seconds
2019-05-05 00:39:49 WARNING (MainThread) [homeassistant.helpers.entity] Update of light.awning is taking over 10 seconds
2019-05-05 00:40:19 WARNING (MainThread) [homeassistant.helpers.entity] Update of light.awning is taking over 10 seconds
2019-05-05 00:40:50 WARNING (MainThread) [homeassistant.helpers.entity] Update of light.awning is taking over 10 seconds
2019-05-05 00:41:51 WARNING (MainThread) [homeassistant.helpers.entity] Update of light.awning is taking over 10 seconds
2019-05-05 00:42:22 WARNING (MainThread) [homeassistant.helpers.entity] Update of light.awning is taking over 10 seconds
2019-05-05 00:42:53 WARNING (MainThread) [homeassistant.helpers.entity] Update of light.awning is taking over 10 seconds
2019-05-05 00:43:23 WARNING (MainThread) [homeassistant.helpers.entity] Update of light.awning is taking over 10 seconds
2019-05-05 00:43:54 WARNING (MainThread) [homeassistant.helpers.entity] Update of light.awning is taking over 10 seconds
2019-05-05 00:44:25 WARNING (MainThread) [homeassistant.helpers.entity] Update of light.awning is taking over 10 seconds
2019-05-05 00:44:56 WARNING (MainThread) [homeassistant.helpers.entity] Update of light.awning is taking over 10 seconds
2019-05-05 00:45:27 WARNING (MainThread) [homeassistant.helpers.entity] Update of light.awning is taking over 10 seconds
2019-05-05 00:45:58 WARNING (MainThread) [homeassistant.helpers.entity] Update of light.awning is taking over 10 seconds
2019-05-05 00:46:28 WARNING (MainThread) [homeassistant.helpers.entity] Update of light.awning is taking over 10 seconds
2019-05-05 00:46:59 WARNING (MainThread) [homeassistant.helpers.entity] Update of light.awning is taking over 10 seconds
2019-05-05 00:47:30 WARNING (MainThread) [homeassistant.helpers.entity] Update of light.awning is taking over 10 seconds
2019-05-05 00:48:00 WARNING (MainThread) [homeassistant.helpers.entity] Update of light.awning is taking over 10 seconds
2019-05-05 00:48:31 WARNING (MainThread) [homeassistant.helpers.entity] Update of light.awning is taking over 10 seconds
2019-05-05 00:49:32 WARNING (MainThread) [homeassistant.helpers.entity] Update of light.awning is taking over 10 seconds
2019-05-05 00:50:34 WARNING (MainThread) [homeassistant.helpers.entity] Update of light.awning is taking over 10 seconds
2019-05-05 00:52:07 WARNING (MainThread) [homeassistant.helpers.entity] Update of light.awning is taking over 10 seconds
2019-05-05 00:53:09 WARNING (MainThread) [homeassistant.helpers.entity] Update of light.awning is taking over 10 seconds
2019-05-05 00:53:40 WARNING (MainThread) [homeassistant.helpers.entity] Update of light.awning is taking over 10 seconds
2019-05-05 00:54:11 WARNING (MainThread) [homeassistant.helpers.entity] Update of light.awning is taking over 10 seconds
2019-05-05 00:54:41 WARNING (MainThread) [homeassistant.helpers.entity] Update of light.awning is taking over 10 seconds
2019-05-05 00:55:12 WARNING (MainThread) [homeassistant.helpers.entity] Update of light.awning is taking over 10 seconds
2019-05-05 00:56:14 WARNING (MainThread) [homeassistant.helpers.entity] Update of light.awning is taking over 10 seconds
2019-05-05 00:56:45 WARNING (MainThread) [homeassistant.helpers.entity] Update of light.awning is taking over 10 seconds
2019-05-05 00:57:16 WARNING (MainThread) [homeassistant.helpers.entity] Update of light.awning is taking over 10 seconds
2019-05-05 00:57:47 WARNING (MainThread) [homeassistant.helpers.entity] Update of light.awning is taking over 10 seconds
2019-05-05 00:58:18 WARNING (MainThread) [homeassistant.helpers.entity] Update of light.awning is taking over 10 seconds
2019-05-05 00:59:50 WARNING (MainThread) [homeassistant.helpers.entity] Update of light.awning is taking over 10 seconds
2019-05-05 01:00:21 WARNING (MainThread) [homeassistant.helpers.entity] Update of light.awning is taking over 10 seconds
2019-05-05 01:01:23 WARNING (MainThread) [homeassistant.helpers.entity] Update of light.awning is taking over 10 seconds
2019-05-05 01:01:53 WARNING (MainThread) [homeassistant.helpers.entity] Update of light.awning is taking over 10 seconds
2019-05-05 01:02:24 WARNING (MainThread) [homeassistant.helpers.entity] Update of light.awning is taking over 10 seconds
2019-05-05 01:02:55 WARNING (MainThread) [homeassistant.helpers.entity] Update of light.awning is taking over 10 seconds
2019-05-05 01:03:25 WARNING (MainThread) [homeassistant.helpers.entity] Update of light.awning is taking over 10 seconds
2019-05-05 01:04:27 WARNING (MainThread) [homeassistant.helpers.entity] Update of light.awning is taking over 10 seconds
2019-05-05 01:05:29 WARNING (MainThread) [homeassistant.helpers.entity] Update of light.awning is taking over 10 seconds
2019-05-05 01:06:00 WARNING (MainThread) [homeassistant.helpers.entity] Update of light.awning is taking over 10 seconds
2019-05-05 01:06:31 WARNING (MainThread) [homeassistant.helpers.entity] Update of light.awning is taking over 10 seconds
2019-05-05 01:07:32 WARNING (MainThread) [homeassistant.helpers.entity] Update of light.awning is taking over 10 seconds
2019-05-05 01:08:03 WARNING (MainThread) [homeassistant.helpers.entity] Update of light.awning is taking over 10 seconds
2019-05-05 01:08:34 WARNING (MainThread) [homeassistant.helpers.entity] Update of light.awning is taking over 10 seconds
2019-05-05 01:09:04 WARNING (MainThread) [homeassistant.helpers.entity] Update of light.awning is taking over 10 seconds
2019-05-05 01:09:35 WARNING (MainThread) [homeassistant.helpers.entity] Update of light.awning is taking over 10 seconds
2019-05-05 01:10:06 WARNING (MainThread) [homeassistant.helpers.entity] Update of light.awning is taking over 10 seconds
2019-05-05 01:10:37 WARNING (MainThread) [homeassistant.helpers.entity] Update of light.awning is taking over 10 seconds
2019-05-05 01:11:08 WARNING (MainThread) [homeassistant.helpers.entity] Update of light.awning is taking over 10 seconds
2019-05-05 01:12:39 WARNING (MainThread) [homeassistant.helpers.entity] Update of light.awning is taking over 10 seconds
2019-05-05 01:13:10 WARNING (MainThread) [homeassistant.helpers.entity] Update of light.awning is taking over 10 seconds
2019-05-05 01:13:41 WARNING (MainThread) [homeassistant.helpers.entity] Update of light.awning is taking over 10 seconds
2019-05-05 01:14:12 WARNING (MainThread) [homeassistant.helpers.entity] Update of light.awning is taking over 10 seconds
2019-05-05 01:14:42 WARNING (MainThread) [homeassistant.helpers.entity] Update of light.awning is taking over 10 seconds
2019-05-05 01:15:13 WARNING (MainThread) [homeassistant.helpers.entity] Update of light.awning is taking over 10 seconds
2019-05-05 01:15:44 WARNING (MainThread) [homeassistant.helpers.entity] Update of light.awning is taking over 10 seconds
2019-05-05 01:16:15 WARNING (MainThread) [homeassistant.helpers.entity] Update of light.awning is taking over 10 seconds
2019-05-05 01:16:46 WARNING (MainThread) [homeassistant.helpers.entity] Update of light.awning is taking over 10 seconds
2019-05-05 01:17:16 WARNING (MainThread) [homeassistant.helpers.entity] Update of light.awning is taking over 10 seconds
2019-05-05 01:17:47 WARNING (MainThread) [homeassistant.helpers.entity] Update of light.awning is taking over 10 seconds
2019-05-05 01:18:18 WARNING (MainThread) [homeassistant.helpers.entity] Update of light.awning is taking over 10 seconds
2019-05-05 01:18:49 WARNING (MainThread) [homeassistant.helpers.entity] Update of light.awning is taking over 10 seconds
2019-05-05 01:19:19 WARNING (MainThread) [homeassistant.helpers.entity] Update of light.awning is taking over 10 seconds
2019-05-05 01:20:51 WARNING (MainThread) [homeassistant.helpers.entity] Update of light.awning is taking over 10 seconds
2019-05-05 01:21:22 WARNING (MainThread) [homeassistant.helpers.entity] Update of light.awning is taking over 10 seconds
2019-05-05 01:21:52 WARNING (MainThread) [homeassistant.helpers.entity] Update of light.awning is taking over 10 seconds
2019-05-05 01:22:23 WARNING (MainThread) [homeassistant.helpers.entity] Update of light.awning is taking over 10 seconds
2019-05-05 01:22:54 WARNING (MainThread) [homeassistant.helpers.entity] Update of light.awning is taking over 10 seconds
2019-05-05 01:23:25 WARNING (MainThread) [homeassistant.helpers.entity] Update of light.awning is taking over 10 seconds
2019-05-05 01:23:56 WARNING (MainThread) [homeassistant.helpers.entity] Update of light.awning is taking over 10 seconds
2019-05-05 01:24:26 WARNING (MainThread) [homeassistant.helpers.entity] Update of light.awning is taking over 10 seconds
2019-05-05 01:24:57 WARNING (MainThread) [homeassistant.helpers.entity] Update of light.awning is taking over 10 seconds
2019-05-05 01:25:28 WARNING (MainThread) [homeassistant.helpers.entity] Update of light.awning is taking over 10 seconds
2019-05-05 01:26:29 WARNING (MainThread) [homeassistant.helpers.entity] Update of light.awning is taking over 10 seconds
2019-05-05 01:27:00 WARNING (MainThread) [homeassistant.helpers.entity] Update of light.awning is taking over 10 seconds
2019-05-05 01:28:33 WARNING (MainThread) [homeassistant.helpers.entity] Update of light.awning is taking over 10 seconds
2019-05-05 01:29:04 WARNING (MainThread) [homeassistant.helpers.entity] Update of light.awning is taking over 10 seconds
2019-05-05 01:29:35 WARNING (MainThread) [homeassistant.helpers.entity] Update of light.awning is taking over 10 seconds
2019-05-05 01:31:38 WARNING (MainThread) [homeassistant.helpers.entity] Update of light.awning is taking over 10 seconds
2019-05-05 01:32:09 WARNING (MainThread) [homeassistant.helpers.entity] Update of light.awning is taking over 10 seconds
2019-05-05 01:32:39 WARNING (MainThread) [homeassistant.helpers.entity] Update of light.awning is taking over 10 seconds
2019-05-05 01:33:10 WARNING (MainThread) [homeassistant.helpers.entity] Update of light.awning is taking over 10 seconds
2019-05-05 01:33:40 WARNING (MainThread) [homeassistant.helpers.entity] Update of light.awning is taking over 10 seconds
2019-05-05 01:34:41 WARNING (MainThread) [homeassistant.helpers.entity] Update of light.awning is taking over 10 seconds
2019-05-05 01:36:13 WARNING (MainThread) [homeassistant.helpers.entity] Update of light.awning is taking over 10 seconds
2019-05-05 01:36:44 WARNING (MainThread) [homeassistant.helpers.entity] Update of light.awning is taking over 10 seconds
2019-05-05 01:37:14 WARNING (MainThread) [homeassistant.helpers.entity] Update of light.awning is taking over 10 seconds
2019-05-05 01:38:16 WARNING (MainThread) [homeassistant.helpers.entity] Update of light.awning is taking over 10 seconds
2019-05-05 01:39:18 WARNING (MainThread) [homeassistant.helpers.entity] Update of light.awning is taking over 10 seconds
2019-05-05 01:39:49 WARNING (MainThread) [homeassistant.helpers.entity] Update of light.awning is taking over 10 seconds
2019-05-05 01:40:20 WARNING (MainThread) [homeassistant.helpers.entity] Update of light.awning is taking over 10 seconds
2019-05-05 01:41:52 WARNING (MainThread) [homeassistant.helpers.entity] Update of light.awning is taking over 10 seconds
2019-05-05 01:42:23 WARNING (MainThread) [homeassistant.helpers.entity] Update of light.awning is taking over 10 seconds
2019-05-05 01:42:54 WARNING (MainThread) [homeassistant.helpers.entity] Update of light.awning is taking over 10 seconds
2019-05-05 01:43:25 WARNING (MainThread) [homeassistant.helpers.entity] Update of light.awning is taking over 10 seconds
2019-05-05 01:43:56 WARNING (MainThread) [homeassistant.helpers.entity] Update of light.awning is taking over 10 seconds
2019-05-05 01:44:26 WARNING (MainThread) [homeassistant.helpers.entity] Update of light.awning is taking over 10 seconds
2019-05-05 01:44:57 WARNING (MainThread) [homeassistant.helpers.entity] Update of light.awning is taking over 10 seconds
2019-05-05 01:45:28 WARNING (MainThread) [homeassistant.helpers.entity] Update of light.awning is taking over 10 seconds
2019-05-05 01:46:30 WARNING (MainThread) [homeassistant.helpers.entity] Update of light.awning is taking over 10 seconds
2019-05-05 01:47:01 WARNING (MainThread) [homeassistant.helpers.entity] Update of light.awning is taking over 10 seconds
2019-05-05 01:47:32 WARNING (MainThread) [homeassistant.helpers.entity] Update of light.awning is taking over 10 seconds
2019-05-05 01:48:03 WARNING (MainThread) [homeassistant.helpers.entity] Update of light.awning is taking over 10 seconds
2019-05-05 01:49:35 WARNING (MainThread) [homeassistant.helpers.entity] Update of light.awning is taking over 10 seconds
2019-05-05 01:50:37 WARNING (MainThread) [homeassistant.helpers.entity] Update of light.awning is taking over 10 seconds
2019-05-05 01:51:07 WARNING (MainThread) [homeassistant.helpers.entity] Update of light.awning is taking over 10 seconds
2019-05-05 01:51:38 WARNING (MainThread) [homeassistant.helpers.entity] Update of light.awning is taking over 10 seconds
2019-05-05 01:52:09 WARNING (MainThread) [homeassistant.helpers.entity] Update of light.awning is taking over 10 seconds
2019-05-05 01:52:39 WARNING (MainThread) [homeassistant.helpers.entity] Update of light.awning is taking over 10 seconds
2019-05-05 01:53:09 WARNING (MainThread) [homeassistant.helpers.entity] Update of light.awning is taking over 10 seconds
2019-05-05 01:53:40 WARNING (MainThread) [homeassistant.helpers.entity] Update of light.awning is taking over 10 seconds
2019-05-05 01:54:11 WARNING (MainThread) [homeassistant.helpers.entity] Update of light.awning is taking over 10 seconds
2019-05-05 01:55:12 WARNING (MainThread) [homeassistant.helpers.entity] Update of light.awning is taking over 10 seconds
2019-05-05 01:55:43 WARNING (MainThread) [homeassistant.helpers.entity] Update of light.awning is taking over 10 seconds
2019-05-05 01:56:14 WARNING (MainThread) [homeassistant.helpers.entity] Update of light.awning is taking over 10 seconds
2019-05-05 01:56:45 WARNING (MainThread) [homeassistant.helpers.entity] Update of light.awning is taking over 10 seconds
2019-05-05 01:58:18 WARNING (MainThread) [homeassistant.helpers.entity] Update of light.awning is taking over 10 seconds
2019-05-05 01:58:48 WARNING (MainThread) [homeassistant.helpers.entity] Update of light.awning is taking over 10 seconds
2019-05-05 01:59:50 WARNING (MainThread) [homeassistant.helpers.entity] Update of light.awning is taking over 10 seconds
2019-05-05 02:00:21 WARNING (MainThread) [homeassistant.helpers.entity] Update of light.awning is taking over 10 seconds
2019-05-05 02:01:53 WARNING (MainThread) [homeassistant.helpers.entity] Update of light.awning is taking over 10 seconds
2019-05-05 02:02:24 WARNING (MainThread) [homeassistant.helpers.entity] Update of light.awning is taking over 10 seconds
2019-05-05 02:02:55 WARNING (MainThread) [homeassistant.helpers.entity] Update of light.awning is taking over 10 seconds
2019-05-05 02:03:25 WARNING (MainThread) [homeassistant.helpers.entity] Update of light.awning is taking over 10 seconds
2019-05-05 02:03:56 WARNING (MainThread) [homeassistant.helpers.entity] Update of light.awning is taking over 10 seconds
2019-05-05 02:04:27 WARNING (MainThread) [homeassistant.helpers.entity] Update of light.awning is taking over 10 seconds
2019-05-05 02:05:29 WARNING (MainThread) [homeassistant.helpers.entity] Update of light.awning is taking over 10 seconds
2019-05-05 02:06:00 WARNING (MainThread) [homeassistant.helpers.entity] Update of light.awning is taking over 10 seconds
2019-05-05 02:07:01 WARNING (MainThread) [homeassistant.helpers.entity] Update of light.awning is taking over 10 seconds
2019-05-05 02:07:32 WARNING (MainThread) [homeassistant.helpers.entity] Update of light.awning is taking over 10 seconds
2019-05-05 02:08:03 WARNING (MainThread) [homeassistant.helpers.entity] Update of light.awning is taking over 10 seconds
2019-05-05 02:08:34 WARNING (MainThread) [homeassistant.helpers.entity] Update of light.awning is taking over 10 seconds
2019-05-05 02:09:05 WARNING (MainThread) [homeassistant.helpers.entity] Update of light.awning is taking over 10 seconds
2019-05-05 02:09:36 WARNING (MainThread) [homeassistant.helpers.entity] Update of light.awning is taking over 10 seconds
2019-05-05 02:10:07 WARNING (MainThread) [homeassistant.helpers.entity] Update of light.awning is taking over 10 seconds
2019-05-05 02:10:08 ERROR (Thread-5) [pychromecast.socket_client] [group 1:42316] Error reading from socket.
2019-05-05 02:10:08 WARNING (Thread-5) [pychromecast.socket_client] [group 1:42316] Error communicating with socket, resetting connection
2019-05-05 02:10:37 WARNING (Thread-4) [pychromecast.socket_client] [Master Bedroom Speaker:8009] Heartbeat timeout, resetting connection
2019-05-05 02:10:54 ERROR (Thread-5) [pychromecast.socket_client] [group 1:42316] Error reading from socket.
2019-05-05 02:10:54 WARNING (Thread-5) [pychromecast.socket_client] [group 1:42316] Error communicating with socket, resetting connection
2019-05-05 02:10:54 ERROR (Thread-5) [pychromecast.socket_client] [group 1:42316] Failed to connect to service Google-Cast-Group-DFD6517A121A4433BCED519D158DC7EB._googlecast._tcp.local., retrying in 5.0s
2019-05-05 02:11:09 WARNING (MainThread) [homeassistant.helpers.entity] Update of light.awning is taking over 10 seconds
2019-05-05 02:11:40 WARNING (MainThread) [homeassistant.helpers.entity] Update of light.awning is taking over 10 seconds
2019-05-05 02:12:11 WARNING (MainThread) [homeassistant.helpers.entity] Update of light.awning is taking over 10 seconds
2019-05-05 02:13:13 WARNING (MainThread) [homeassistant.helpers.entity] Update of light.awning is taking over 10 seconds
2019-05-05 02:14:45 WARNING (MainThread) [homeassistant.helpers.entity] Update of light.awning is taking over 10 seconds
2019-05-05 02:15:16 WARNING (MainThread) [homeassistant.helpers.entity] Update of light.awning is taking over 10 seconds
2019-05-05 02:15:47 WARNING (MainThread) [homeassistant.helpers.entity] Update of light.awning is taking over 10 seconds
2019-05-05 02:16:18 WARNING (MainThread) [homeassistant.helpers.entity] Update of light.awning is taking over 10 seconds
2019-05-05 02:17:20 WARNING (MainThread) [homeassistant.helpers.entity] Update of light.awning is taking over 10 seconds
2019-05-05 02:17:51 WARNING (MainThread) [homeassistant.helpers.entity] Update of light.awning is taking over 10 seconds
2019-05-05 02:18:22 WARNING (MainThread) [homeassistant.helpers.entity] Update of light.awning is taking over 10 seconds
2019-05-05 02:18:52 WARNING (MainThread) [homeassistant.helpers.entity] Update of light.awning is taking over 10 seconds
2019-05-05 02:19:22 WARNING (MainThread) [homeassistant.helpers.entity] Update of light.awning is taking over 10 seconds
2019-05-05 02:20:24 WARNING (MainThread) [homeassistant.helpers.entity] Update of light.awning is taking over 10 seconds
2019-05-05 02:20:55 WARNING (MainThread) [homeassistant.helpers.entity] Update of light.awning is taking over 10 seconds
2019-05-05 02:21:26 WARNING (MainThread) [homeassistant.helpers.entity] Update of light.awning is taking over 10 seconds
2019-05-05 02:22:59 WARNING (MainThread) [homeassistant.helpers.entity] Update of light.awning is taking over 10 seconds
2019-05-05 02:23:30 WARNING (MainThread) [homeassistant.helpers.entity] Update of light.awning is taking over 10 seconds
2019-05-05 02:24:01 WARNING (MainThread) [homeassistant.helpers.entity] Update of light.awning is taking over 10 seconds
2019-05-05 02:24:32 WARNING (MainThread) [homeassistant.helpers.entity] Update of light.awning is taking over 10 seconds
2019-05-05 02:25:03 WARNING (MainThread) [homeassistant.helpers.entity] Update of light.awning is taking over 10 seconds
2019-05-05 02:25:33 WARNING (MainThread) [homeassistant.helpers.entity] Update of light.awning is taking over 10 seconds
2019-05-05 02:26:04 WARNING (MainThread) [homeassistant.helpers.entity] Update of light.awning is taking over 10 seconds
2019-05-05 02:27:37 WARNING (MainThread) [homeassistant.helpers.entity] Update of light.awning is taking over 10 seconds
2019-05-05 02:28:07 WARNING (MainThread) [homeassistant.helpers.entity] Update of light.awning is taking over 10 seconds
2019-05-05 02:28:38 WARNING (MainThread) [homeassistant.helpers.entity] Update of light.awning is taking over 10 seconds
2019-05-05 02:29:39 WARNING (MainThread) [homeassistant.helpers.entity] Update of light.awning is taking over 10 seconds
2019-05-05 02:30:10 WARNING (MainThread) [homeassistant.helpers.entity] Update of light.awning is taking over 10 seconds
2019-05-05 02:32:14 WARNING (MainThread) [homeassistant.helpers.entity] Update of light.awning is taking over 10 seconds
2019-05-05 02:32:45 WARNING (MainThread) [homeassistant.helpers.entity] Update of light.awning is taking over 10 seconds
2019-05-05 02:33:16 WARNING (MainThread) [homeassistant.helpers.entity] Update of light.awning is taking over 10 seconds
2019-05-05 02:34:18 WARNING (MainThread) [homeassistant.helpers.entity] Update of light.awning is taking over 10 seconds
2019-05-05 02:34:49 WARNING (MainThread) [homeassistant.helpers.entity] Update of light.awning is taking over 10 seconds
2019-05-05 02:35:20 WARNING (MainThread) [homeassistant.helpers.entity] Update of light.awning is taking over 10 seconds
2019-05-05 02:35:51 WARNING (MainThread) [homeassistant.helpers.entity] Update of light.awning is taking over 10 seconds
2019-05-05 02:37:23 WARNING (MainThread) [homeassistant.helpers.entity] Update of light.awning is taking over 10 seconds
2019-05-05 02:37:53 WARNING (MainThread) [homeassistant.helpers.entity] Update of light.awning is taking over 10 seconds
2019-05-05 02:38:34 WARNING (MainThread) [homeassistant.helpers.entity] Update of camera.front_floodlight is taking over 10 seconds
2019-05-05 02:38:55 WARNING (MainThread) [homeassistant.helpers.entity] Update of light.awning is taking over 10 seconds
2019-05-05 02:39:56 WARNING (MainThread) [homeassistant.helpers.entity] Update of light.awning is taking over 10 seconds
2019-05-05 02:40:57 WARNING (MainThread) [homeassistant.helpers.entity] Update of light.awning is taking over 10 seconds
2019-05-05 02:41:59 WARNING (MainThread) [homeassistant.helpers.entity] Update of light.awning is taking over 10 seconds
2019-05-05 02:42:29 WARNING (MainThread) [homeassistant.helpers.entity] Update of light.awning is taking over 10 seconds
2019-05-05 02:43:00 WARNING (MainThread) [homeassistant.helpers.entity] Update of light.awning is taking over 10 seconds
2019-05-05 02:43:31 WARNING (MainThread) [homeassistant.helpers.entity] Update of light.awning is taking over 10 seconds
2019-05-05 02:44:02 WARNING (MainThread) [homeassistant.helpers.entity] Update of light.awning is taking over 10 seconds
2019-05-05 02:44:33 WARNING (MainThread) [homeassistant.helpers.entity] Update of light.awning is taking over 10 seconds
2019-05-05 02:45:04 WARNING (MainThread) [homeassistant.helpers.entity] Update of light.awning is taking over 10 seconds
2019-05-05 02:46:05 WARNING (MainThread) [homeassistant.helpers.entity] Update of light.awning is taking over 10 seconds
2019-05-05 02:46:36 WARNING (MainThread) [homeassistant.helpers.entity] Update of light.awning is taking over 10 seconds
2019-05-05 02:47:06 WARNING (MainThread) [homeassistant.helpers.entity] Update of light.awning is taking over 10 seconds
2019-05-05 02:47:37 WARNING (MainThread) [homeassistant.helpers.entity] Update of light.awning is taking over 10 seconds
2019-05-05 02:48:08 WARNING (MainThread) [homeassistant.helpers.entity] Update of light.awning is taking over 10 seconds
2019-05-05 02:48:39 WARNING (MainThread) [homeassistant.helpers.entity] Update of light.awning is taking over 10 seconds
2019-05-05 02:49:14 WARNING (Thread-9) [pychromecast.socket_client] [Office Speaker:8009] Heartbeat timeout, resetting connection
2019-05-05 02:49:41 WARNING (MainThread) [homeassistant.helpers.entity] Update of light.awning is taking over 10 seconds
2019-05-05 02:50:12 WARNING (MainThread) [homeassistant.helpers.entity] Update of light.awning is taking over 10 seconds
2019-05-05 02:51:44 WARNING (MainThread) [homeassistant.helpers.entity] Update of light.awning is taking over 10 seconds
2019-05-05 02:52:15 WARNING (MainThread) [homeassistant.helpers.entity] Update of light.awning is taking over 10 seconds
2019-05-05 02:52:46 WARNING (MainThread) [homeassistant.helpers.entity] Update of light.awning is taking over 10 seconds
2019-05-05 02:53:17 WARNING (MainThread) [homeassistant.helpers.entity] Update of light.awning is taking over 10 seconds
2019-05-05 02:53:47 WARNING (MainThread) [homeassistant.helpers.entity] Update of light.awning is taking over 10 seconds
2019-05-05 02:54:18 WARNING (MainThread) [homeassistant.helpers.entity] Update of light.awning is taking over 10 seconds
2019-05-05 02:54:49 WARNING (MainThread) [homeassistant.helpers.entity] Update of light.awning is taking over 10 seconds
2019-05-05 02:55:19 WARNING (MainThread) [homeassistant.helpers.entity] Update of light.awning is taking over 10 seconds
2019-05-05 02:55:50 WARNING (MainThread) [homeassistant.helpers.entity] Update of light.awning is taking over 10 seconds
2019-05-05 02:56:21 WARNING (MainThread) [homeassistant.helpers.entity] Update of light.awning is taking over 10 seconds
2019-05-05 02:57:23 WARNING (MainThread) [homeassistant.helpers.entity] Update of light.awning is taking over 10 seconds
2019-05-05 02:59:57 WARNING (MainThread) [homeassistant.helpers.entity] Update of light.awning is taking over 10 seconds
2019-05-05 03:00:28 WARNING (MainThread) [homeassistant.helpers.entity] Update of light.awning is taking over 10 seconds
2019-05-05 03:00:59 WARNING (MainThread) [homeassistant.helpers.entity] Update of light.awning is taking over 10 seconds
2019-05-05 03:02:32 WARNING (MainThread) [homeassistant.helpers.entity] Update of light.awning is taking over 10 seconds
2019-05-05 03:03:03 WARNING (MainThread) [homeassistant.helpers.entity] Update of light.awning is taking over 10 seconds
2019-05-05 03:03:34 WARNING (MainThread) [homeassistant.helpers.entity] Update of light.awning is taking over 10 seconds
2019-05-05 03:05:07 WARNING (MainThread) [homeassistant.helpers.entity] Update of light.awning is taking over 10 seconds
2019-05-05 03:05:38 WARNING (MainThread) [homeassistant.helpers.entity] Update of light.awning is taking over 10 seconds
2019-05-05 03:06:08 WARNING (MainThread) [homeassistant.helpers.entity] Update of light.awning is taking over 10 seconds
2019-05-05 03:06:39 WARNING (MainThread) [homeassistant.helpers.entity] Update of light.awning is taking over 10 seconds
2019-05-05 03:07:10 WARNING (MainThread) [homeassistant.helpers.entity] Update of light.awning is taking over 10 seconds
2019-05-05 03:08:11 WARNING (MainThread) [homeassistant.helpers.entity] Update of light.awning is taking over 10 seconds
2019-05-05 03:08:42 WARNING (MainThread) [homeassistant.helpers.entity] Update of light.awning is taking over 10 seconds
2019-05-05 03:09:12 WARNING (MainThread) [homeassistant.helpers.entity] Update of light.awning is taking over 10 seconds
2019-05-05 03:09:43 WARNING (MainThread) [homeassistant.helpers.entity] Update of light.awning is taking over 10 seconds
2019-05-05 03:10:14 WARNING (MainThread) [homeassistant.helpers.entity] Update of light.awning is taking over 10 seconds
2019-05-05 03:11:15 WARNING (MainThread) [homeassistant.helpers.entity] Update of light.awning is taking over 10 seconds
2019-05-05 03:11:46 WARNING (MainThread) [homeassistant.helpers.entity] Update of light.awning is taking over 10 seconds
2019-05-05 03:13:17 WARNING (MainThread) [homeassistant.helpers.entity] Update of light.awning is taking over 10 seconds
2019-05-05 03:14:19 WARNING (MainThread) [homeassistant.helpers.entity] Update of light.awning is taking over 10 seconds
2019-05-05 03:14:49 WARNING (MainThread) [homeassistant.helpers.entity] Update of light.awning is taking over 10 seconds
2019-05-05 03:15:20 WARNING (MainThread) [homeassistant.helpers.entity] Update of light.awning is taking over 10 seconds
2019-05-05 03:15:51 WARNING (MainThread) [homeassistant.helpers.entity] Update of light.awning is taking over 10 seconds
2019-05-05 03:16:21 WARNING (MainThread) [homeassistant.helpers.entity] Update of light.awning is taking over 10 seconds
2019-05-05 03:16:52 WARNING (MainThread) [homeassistant.helpers.entity] Update of light.awning is taking over 10 seconds
2019-05-05 03:17:17 WARNING (Thread-8) [pychromecast.socket_client] [Vincenzo’s Mini:8009] Heartbeat timeout, resetting connection
2019-05-05 03:17:54 WARNING (MainThread) [homeassistant.helpers.entity] Update of light.awning is taking over 10 seconds
2019-05-05 03:18:25 WARNING (MainThread) [homeassistant.helpers.entity] Update of light.awning is taking over 10 seconds
2019-05-05 03:19:27 WARNING (MainThread) [homeassistant.helpers.entity] Update of light.awning is taking over 10 seconds
2019-05-05 03:20:29 WARNING (MainThread) [homeassistant.helpers.entity] Update of light.awning is taking over 10 seconds
2019-05-05 03:21:30 WARNING (MainThread) [homeassistant.helpers.entity] Update of light.awning is taking over 10 seconds
2019-05-05 03:22:00 WARNING (MainThread) [homeassistant.helpers.entity] Update of light.awning is taking over 10 seconds
2019-05-05 03:22:31 WARNING (MainThread) [homeassistant.helpers.entity] Update of light.awning is taking over 10 seconds
2019-05-05 03:23:02 WARNING (MainThread) [homeassistant.helpers.entity] Update of light.awning is taking over 10 seconds
2019-05-05 03:24:04 WARNING (MainThread) [homeassistant.helpers.entity] Update of light.awning is taking over 10 seconds
2019-05-05 03:24:35 WARNING (MainThread) [homeassistant.helpers.entity] Update of light.awning is taking over 10 seconds
2019-05-05 03:25:06 WARNING (MainThread) [homeassistant.helpers.entity] Update of light.awning is taking over 10 seconds
2019-05-05 03:25:37 WARNING (MainThread) [homeassistant.helpers.entity] Update of light.awning is taking over 10 seconds
2019-05-05 03:26:08 WARNING (MainThread) [homeassistant.helpers.entity] Update of light.awning is taking over 10 seconds
2019-05-05 03:28:42 WARNING (MainThread) [homeassistant.helpers.entity] Update of light.awning is taking over 10 seconds
2019-05-05 03:29:12 WARNING (MainThread) [homeassistant.helpers.entity] Update of light.awning is taking over 10 seconds
2019-05-05 03:29:43 WARNING (MainThread) [homeassistant.helpers.entity] Update of light.awning is taking over 10 seconds
2019-05-05 03:30:45 WARNING (MainThread) [homeassistant.helpers.entity] Update of light.awning is taking over 10 seconds
2019-05-05 03:31:16 WARNING (MainThread) [homeassistant.helpers.entity] Update of light.awning is taking over 10 seconds
2019-05-05 03:31:47 WARNING (MainThread) [homeassistant.helpers.entity] Update of light.awning is taking over 10 seconds
2019-05-05 03:32:18 WARNING (MainThread) [homeassistant.helpers.entity] Update of light.awning is taking over 10 seconds
2019-05-05 03:32:49 WARNING (MainThread) [homeassistant.helpers.entity] Update of light.awning is taking over 10 seconds
2019-05-05 03:33:20 WARNING (MainThread) [homeassistant.helpers.entity] Update of light.awning is taking over 10 seconds
2019-05-05 03:34:22 WARNING (MainThread) [homeassistant.helpers.entity] Update of light.awning is taking over 10 seconds
2019-05-05 03:35:55 WARNING (MainThread) [homeassistant.helpers.entity] Update of light.awning is taking over 10 seconds
2019-05-05 03:36:26 WARNING (MainThread) [homeassistant.helpers.entity] Update of light.awning is taking over 10 seconds
2019-05-05 03:36:57 WARNING (MainThread) [homeassistant.helpers.entity] Update of light.awning is taking over 10 seconds
2019-05-05 03:37:59 WARNING (MainThread) [homeassistant.helpers.entity] Update of light.awning is taking over 10 seconds
2019-05-05 03:38:29 WARNING (MainThread) [homeassistant.helpers.entity] Update of light.awning is taking over 10 seconds
2019-05-05 03:39:00 WARNING (MainThread) [homeassistant.helpers.entity] Update of light.awning is taking over 10 seconds
2019-05-05 03:40:02 WARNING (MainThread) [homeassistant.helpers.entity] Update of light.awning is taking over 10 seconds
2019-05-05 03:40:33 WARNING (MainThread) [homeassistant.helpers.entity] Update of light.awning is taking over 10 seconds
2019-05-05 03:41:03 WARNING (MainThread) [homeassistant.helpers.entity] Update of light.awning is taking over 10 seconds
2019-05-05 03:41:34 WARNING (MainThread) [homeassistant.helpers.entity] Update of light.awning is taking over 10 seconds
2019-05-05 03:42:05 WARNING (MainThread) [homeassistant.helpers.entity] Update of light.awning is taking over 10 seconds
2019-05-05 03:42:36 WARNING (MainThread) [homeassistant.helpers.entity] Update of light.awning is taking over 10 seconds
2019-05-05 03:43:38 WARNING (MainThread) [homeassistant.helpers.entity] Update of light.awning is taking over 10 seconds
2019-05-05 03:44:09 WARNING (MainThread) [homeassistant.helpers.entity] Update of light.awning is taking over 10 seconds
2019-05-05 03:44:39 WARNING (MainThread) [homeassistant.helpers.entity] Update of light.awning is taking over 10 seconds
2019-05-05 03:45:09 WARNING (MainThread) [homeassistant.helpers.entity] Update of light.awning is taking over 10 seconds
2019-05-05 03:45:40 WARNING (MainThread) [homeassistant.helpers.entity] Update of light.awning is taking over 10 seconds
2019-05-05 03:46:11 WARNING (MainThread) [homeassistant.helpers.entity] Update of light.awning is taking over 10 seconds
2019-05-05 03:46:42 WARNING (MainThread) [homeassistant.helpers.entity] Update of light.awning is taking over 10 seconds
2019-05-05 03:47:12 WARNING (MainThread) [homeassistant.helpers.entity] Update of light.awning is taking over 10 seconds
2019-05-05 03:47:43 WARNING (MainThread) [homeassistant.helpers.entity] Update of light.awning is taking over 10 seconds
2019-05-05 03:48:14 WARNING (MainThread) [homeassistant.helpers.entity] Update of light.awning is taking over 10 seconds
2019-05-05 03:48:45 WARNING (MainThread) [homeassistant.helpers.entity] Update of light.awning is taking over 10 seconds
2019-05-05 03:50:17 WARNING (MainThread) [homeassistant.helpers.entity] Update of light.awning is taking over 10 seconds
2019-05-05 03:50:47 WARNING (MainThread) [homeassistant.helpers.entity] Update of light.awning is taking over 10 seconds
2019-05-05 03:51:18 WARNING (MainThread) [homeassistant.helpers.entity] Update of light.awning is taking over 10 seconds
2019-05-05 03:51:49 WARNING (MainThread) [homeassistant.helpers.entity] Update of light.awning is taking over 10 seconds
2019-05-05 03:52:20 WARNING (MainThread) [homeassistant.helpers.entity] Update of light.awning is taking over 10 seconds
2019-05-05 03:52:51 WARNING (MainThread) [homeassistant.helpers.entity] Update of light.awning is taking over 10 seconds
2019-05-05 03:53:22 WARNING (MainThread) [homeassistant.helpers.entity] Update of light.awning is taking over 10 seconds
2019-05-05 03:54:23 WARNING (MainThread) [homeassistant.helpers.entity] Update of light.awning is taking over 10 seconds
2019-05-05 03:54:54 WARNING (MainThread) [homeassistant.helpers.entity] Update of light.awning is taking over 10 seconds
2019-05-05 03:55:25 WARNING (MainThread) [homeassistant.helpers.entity] Update of light.awning is taking over 10 seconds
2019-05-05 03:55:56 WARNING (MainThread) [homeassistant.helpers.entity] Update of light.awning is taking over 10 seconds
2019-05-05 03:56:27 WARNING (MainThread) [homeassistant.helpers.entity] Update of light.awning is taking over 10 seconds
2019-05-05 03:57:59 WARNING (MainThread) [homeassistant.helpers.entity] Update of light.awning is taking over 10 seconds
2019-05-05 03:58:30 WARNING (MainThread) [homeassistant.helpers.entity] Update of light.awning is taking over 10 seconds
2019-05-05 03:59:01 WARNING (MainThread) [homeassistant.helpers.entity] Update of light.awning is taking over 10 seconds
2019-05-05 03:59:32 WARNING (MainThread) [homeassistant.helpers.entity] Update of light.awning is taking over 10 seconds
2019-05-05 04:00:34 WARNING (MainThread) [homeassistant.helpers.entity] Update of light.awning is taking over 10 seconds
2019-05-05 04:01:05 WARNING (MainThread) [homeassistant.helpers.entity] Update of light.awning is taking over 10 seconds
2019-05-05 04:01:30 WARNING (Thread-6) [pychromecast.socket_client] [Mia’s Mini:8009] Heartbeat timeout, resetting connection
2019-05-05 04:01:36 WARNING (MainThread) [homeassistant.helpers.entity] Update of light.awning is taking over 10 seconds
2019-05-05 04:02:07 WARNING (MainThread) [homeassistant.helpers.entity] Update of light.awning is taking over 10 seconds
2019-05-05 04:02:38 WARNING (MainThread) [homeassistant.helpers.entity] Update of light.awning is taking over 10 seconds
2019-05-05 04:03:09 WARNING (MainThread) [homeassistant.helpers.entity] Update of light.awning is taking over 10 seconds
2019-05-05 04:03:40 WARNING (MainThread) [homeassistant.helpers.entity] Update of light.awning is taking over 10 seconds
2019-05-05 04:05:13 WARNING (MainThread) [homeassistant.helpers.entity] Update of light.awning is taking over 10 seconds
2019-05-05 04:05:43 WARNING (MainThread) [homeassistant.helpers.entity] Update of light.awning is taking over 10 seconds
2019-05-05 04:06:14 WARNING (MainThread) [homeassistant.helpers.entity] Update of light.awning is taking over 10 seconds
2019-05-05 04:06:45 WARNING (MainThread) [homeassistant.helpers.entity] Update of light.awning is taking over 10 seconds
2019-05-05 04:07:47 WARNING (MainThread) [homeassistant.helpers.entity] Update of light.awning is taking over 10 seconds
2019-05-05 04:08:18 WARNING (MainThread) [homeassistant.helpers.entity] Update of light.awning is taking over 10 seconds
2019-05-05 04:08:48 WARNING (MainThread) [homeassistant.helpers.entity] Update of light.awning is taking over 10 seconds
2019-05-05 04:09:19 WARNING (MainThread) [homeassistant.helpers.entity] Update of light.awning is taking over 10 seconds
2019-05-05 04:09:49 WARNING (MainThread) [homeassistant.helpers.entity] Update of light.awning is taking over 10 seconds
2019-05-05 04:10:20 WARNING (MainThread) [homeassistant.helpers.entity] Update of light.awning is taking over 10 seconds
2019-05-05 04:11:52 WARNING (MainThread) [homeassistant.helpers.entity] Update of light.awning is taking over 10 seconds
2019-05-05 04:13:24 WARNING (MainThread) [homeassistant.helpers.entity] Update of light.awning is taking over 10 seconds
2019-05-05 04:14:56 WARNING (MainThread) [homeassistant.helpers.entity] Update of light.awning is taking over 10 seconds
2019-05-05 04:15:27 WARNING (MainThread) [homeassistant.helpers.entity] Update of light.awning is taking over 10 seconds
2019-05-05 04:15:58 WARNING (MainThread) [homeassistant.helpers.entity] Update of light.awning is taking over 10 seconds
2019-05-05 04:16:29 WARNING (MainThread) [homeassistant.helpers.entity] Update of light.awning is taking over 10 seconds
2019-05-05 04:16:59 WARNING (MainThread) [homeassistant.helpers.entity] Update of light.awning is taking over 10 seconds
2019-05-05 04:17:30 WARNING (MainThread) [homeassistant.helpers.entity] Update of light.awning is taking over 10 seconds
2019-05-05 04:18:00 WARNING (MainThread) [homeassistant.helpers.entity] Update of light.awning is taking over 10 seconds
2019-05-05 04:18:31 WARNING (MainThread) [homeassistant.helpers.entity] Update of light.awning is taking over 10 seconds
2019-05-05 04:19:33 WARNING (MainThread) [homeassistant.helpers.entity] Update of light.awning is taking over 10 seconds
2019-05-05 04:20:34 WARNING (MainThread) [homeassistant.helpers.entity] Update of light.awning is taking over 10 seconds
2019-05-05 04:22:07 WARNING (MainThread) [homeassistant.helpers.entity] Update of light.awning is taking over 10 seconds
2019-05-05 04:22:37 WARNING (MainThread) [homeassistant.helpers.entity] Update of light.awning is taking over 10 seconds
2019-05-05 04:23:08 WARNING (MainThread) [homeassistant.helpers.entity] Update of light.awning is taking over 10 seconds
2019-05-05 04:23:38 WARNING (MainThread) [homeassistant.helpers.entity] Update of light.awning is taking over 10 seconds
2019-05-05 04:24:08 WARNING (MainThread) [homeassistant.helpers.entity] Update of light.awning is taking over 10 seconds
2019-05-05 04:24:39 WARNING (MainThread) [homeassistant.helpers.entity] Update of light.awning is taking over 10 seconds
2019-05-05 04:25:09 WARNING (MainThread) [homeassistant.helpers.entity] Update of light.awning is taking over 10 seconds
2019-05-05 04:25:40 WARNING (MainThread) [homeassistant.helpers.entity] Update of light.awning is taking over 10 seconds
2019-05-05 04:26:11 WARNING (MainThread) [homeassistant.helpers.entity] Update of light.awning is taking over 10 seconds
2019-05-05 04:26:31 WARNING (Thread-7) [pychromecast.socket_client] [Annabella’s Room Speaker:8009] Heartbeat timeout, resetting connection
2019-05-05 04:26:42 WARNING (MainThread) [homeassistant.helpers.entity] Update of light.awning is taking over 10 seconds
2019-05-05 04:27:44 WARNING (MainThread) [homeassistant.helpers.entity] Update of light.awning is taking over 10 seconds
2019-05-05 04:28:15 WARNING (MainThread) [homeassistant.helpers.entity] Update of light.awning is taking over 10 seconds
2019-05-05 04:28:45 WARNING (MainThread) [homeassistant.helpers.entity] Update of light.awning is taking over 10 seconds
2019-05-05 04:29:16 WARNING (MainThread) [homeassistant.helpers.entity] Update of light.awning is taking over 10 seconds
2019-05-05 04:30:17 WARNING (MainThread) [homeassistant.helpers.entity] Update of light.awning is taking over 10 seconds
2019-05-05 04:30:48 WARNING (MainThread) [homeassistant.helpers.entity] Update of light.awning is taking over 10 seconds
2019-05-05 04:31:19 WARNING (MainThread) [homeassistant.helpers.entity] Update of light.awning is taking over 10 seconds
2019-05-05 04:31:50 WARNING (MainThread) [homeassistant.helpers.entity] Update of light.awning is taking over 10 seconds
2019-05-05 04:32:21 WARNING (MainThread) [homeassistant.helpers.entity] Update of light.awning is taking over 10 seconds
2019-05-05 04:32:52 WARNING (MainThread) [homeassistant.helpers.entity] Update of light.awning is taking over 10 seconds
2019-05-05 04:33:22 WARNING (MainThread) [homeassistant.helpers.entity] Update of light.awning is taking over 10 seconds
2019-05-05 04:34:24 WARNING (MainThread) [homeassistant.helpers.entity] Update of light.awning is taking over 10 seconds
2019-05-05 04:34:55 WARNING (MainThread) [homeassistant.helpers.entity] Update of light.awning is taking over 10 seconds
2019-05-05 04:35:25 WARNING (MainThread) [homeassistant.helpers.entity] Update of light.awning is taking over 10 seconds
2019-05-05 04:35:56 WARNING (MainThread) [homeassistant.helpers.entity] Update of light.awning is taking over 10 seconds
2019-05-05 04:36:26 WARNING (MainThread) [homeassistant.helpers.entity] Update of light.awning is taking over 10 seconds
2019-05-05 04:36:57 WARNING (MainThread) [homeassistant.helpers.entity] Update of light.awning is taking over 10 seconds
2019-05-05 04:37:59 WARNING (MainThread) [homeassistant.helpers.entity] Update of light.awning is taking over 10 seconds
2019-05-05 04:38:30 WARNING (MainThread) [homeassistant.helpers.entity] Update of light.awning is taking over 10 seconds
2019-05-05 04:39:01 WARNING (MainThread) [homeassistant.helpers.entity] Update of light.awning is taking over 10 seconds
2019-05-05 04:39:31 WARNING (MainThread) [homeassistant.helpers.entity] Update of light.awning is taking over 10 seconds
2019-05-05 04:41:04 WARNING (MainThread) [homeassistant.helpers.entity] Update of light.awning is taking over 10 seconds
2019-05-05 04:41:35 WARNING (MainThread) [homeassistant.helpers.entity] Update of light.awning is taking over 10 seconds
2019-05-05 04:41:38 ERROR (Thread-5) [pychromecast.socket_client] [group 1:42316] Error reading from socket.
2019-05-05 04:41:38 WARNING (Thread-5) [pychromecast.socket_client] [group 1:42316] Error communicating with socket, resetting connection
2019-05-05 04:42:06 WARNING (MainThread) [homeassistant.helpers.entity] Update of light.awning is taking over 10 seconds
2019-05-05 04:42:37 WARNING (MainThread) [homeassistant.helpers.entity] Update of light.awning is taking over 10 seconds
2019-05-05 04:43:08 WARNING (MainThread) [homeassistant.helpers.entity] Update of light.awning is taking over 10 seconds
2019-05-05 04:43:39 WARNING (MainThread) [homeassistant.helpers.entity] Update of light.awning is taking over 10 seconds
2019-05-05 04:44:10 WARNING (MainThread) [homeassistant.helpers.entity] Update of light.awning is taking over 10 seconds
2019-05-05 04:44:41 WARNING (MainThread) [homeassistant.helpers.entity] Update of light.awning is taking over 10 seconds
2019-05-05 04:45:12 WARNING (MainThread) [homeassistant.helpers.entity] Update of light.awning is taking over 10 seconds
2019-05-05 04:45:43 WARNING (MainThread) [homeassistant.helpers.entity] Update of light.awning is taking over 10 seconds
2019-05-05 04:46:14 WARNING (MainThread) [homeassistant.helpers.entity] Update of light.awning is taking over 10 seconds
2019-05-05 04:47:16 WARNING (MainThread) [homeassistant.helpers.entity] Update of light.awning is taking over 10 seconds
2019-05-05 04:48:18 WARNING (MainThread) [homeassistant.helpers.entity] Update of light.awning is taking over 10 seconds
2019-05-05 04:48:48 WARNING (MainThread) [homeassistant.helpers.entity] Update of light.awning is taking over 10 seconds
2019-05-05 04:50:21 WARNING (MainThread) [homeassistant.helpers.entity] Update of light.awning is taking over 10 seconds
2019-05-05 04:50:52 WARNING (MainThread) [homeassistant.helpers.entity] Update of light.awning is taking over 10 seconds
2019-05-05 04:51:22 WARNING (MainThread) [homeassistant.helpers.entity] Update of light.awning is taking over 10 seconds
2019-05-05 04:51:53 WARNING (MainThread) [homeassistant.helpers.entity] Update of light.awning is taking over 10 seconds
2019-05-05 04:52:24 WARNING (MainThread) [homeassistant.helpers.entity] Update of light.awning is taking over 10 seconds
2019-05-05 04:52:55 WARNING (MainThread) [homeassistant.helpers.entity] Update of light.awning is taking over 10 seconds
2019-05-05 04:53:56 WARNING (MainThread) [homeassistant.helpers.entity] Update of light.awning is taking over 10 seconds
2019-05-05 04:54:27 WARNING (MainThread) [homeassistant.helpers.entity] Update of light.awning is taking over 10 seconds
2019-05-05 04:54:58 WARNING (MainThread) [homeassistant.helpers.entity] Update of light.awning is taking over 10 seconds
2019-05-05 04:55:29 WARNING (MainThread) [homeassistant.helpers.entity] Update of light.awning is taking over 10 seconds
2019-05-05 04:55:59 WARNING (MainThread) [homeassistant.helpers.entity] Update of light.awning is taking over 10 seconds
2019-05-05 04:57:01 WARNING (MainThread) [homeassistant.helpers.entity] Update of light.awning is taking over 10 seconds
2019-05-05 04:57:32 WARNING (MainThread) [homeassistant.helpers.entity] Update of light.awning is taking over 10 seconds
2019-05-05 04:58:03 WARNING (MainThread) [homeassistant.helpers.entity] Update of light.awning is taking over 10 seconds
2019-05-05 04:58:34 WARNING (MainThread) [homeassistant.helpers.entity] Update of light.awning is taking over 10 seconds
2019-05-05 04:59:04 WARNING (MainThread) [homeassistant.helpers.entity] Update of light.awning is taking over 10 seconds
2019-05-05 04:59:35 WARNING (MainThread) [homeassistant.helpers.entity] Update of light.awning is taking over 10 seconds
2019-05-05 05:00:36 WARNING (MainThread) [homeassistant.helpers.entity] Update of light.awning is taking over 10 seconds
2019-05-05 05:01:07 WARNING (MainThread) [homeassistant.helpers.entity] Update of light.awning is taking over 10 seconds
2019-05-05 05:02:09 WARNING (MainThread) [homeassistant.helpers.entity] Update of light.awning is taking over 10 seconds
2019-05-05 05:02:39 WARNING (MainThread) [homeassistant.helpers.entity] Update of light.awning is taking over 10 seconds
2019-05-05 05:03:10 WARNING (MainThread) [homeassistant.helpers.entity] Update of light.awning is taking over 10 seconds
2019-05-05 05:05:43 WARNING (MainThread) [homeassistant.helpers.entity] Update of light.awning is taking over 10 seconds
2019-05-05 05:06:14 WARNING (MainThread) [homeassistant.helpers.entity] Update of light.awning is taking over 10 seconds
2019-05-05 05:06:45 WARNING (MainThread) [homeassistant.helpers.entity] Update of light.awning is taking over 10 seconds
2019-05-05 05:07:16 WARNING (MainThread) [homeassistant.helpers.entity] Update of light.awning is taking over 10 seconds
2019-05-05 05:07:47 WARNING (MainThread) [homeassistant.helpers.entity] Update of light.awning is taking over 10 seconds
2019-05-05 05:08:18 WARNING (MainThread) [homeassistant.helpers.entity] Update of light.awning is taking over 10 seconds
2019-05-05 05:08:49 WARNING (MainThread) [homeassistant.helpers.entity] Update of light.awning is taking over 10 seconds
2019-05-05 05:09:20 WARNING (MainThread) [homeassistant.helpers.entity] Update of light.awning is taking over 10 seconds
2019-05-05 05:10:21 WARNING (MainThread) [homeassistant.helpers.entity] Update of light.awning is taking over 10 seconds
2019-05-05 05:10:52 WARNING (MainThread) [homeassistant.helpers.entity] Update of light.awning is taking over 10 seconds
2019-05-05 05:11:22 WARNING (MainThread) [homeassistant.helpers.entity] Update of light.awning is taking over 10 seconds
2019-05-05 05:11:53 WARNING (MainThread) [homeassistant.helpers.entity] Update of light.awning is taking over 10 seconds
2019-05-05 05:12:24 WARNING (MainThread) [homeassistant.helpers.entity] Update of light.awning is taking over 10 seconds
2019-05-05 05:12:55 WARNING (MainThread) [homeassistant.helpers.entity] Update of light.awning is taking over 10 seconds
2019-05-05 05:13:57 WARNING (MainThread) [homeassistant.helpers.entity] Update of light.awning is taking over 10 seconds
2019-05-05 05:14:28 WARNING (MainThread) [homeassistant.helpers.entity] Update of light.awning is taking over 10 seconds
2019-05-05 05:14:59 WARNING (MainThread) [homeassistant.helpers.entity] Update of light.awning is taking over 10 seconds
2019-05-05 05:15:30 WARNING (MainThread) [homeassistant.helpers.entity] Update of light.awning is taking over 10 seconds
2019-05-05 05:16:01 WARNING (MainThread) [homeassistant.helpers.entity] Update of light.awning is taking over 10 seconds
2019-05-05 05:17:03 WARNING (MainThread) [homeassistant.helpers.entity] Update of light.awning is taking over 10 seconds
2019-05-05 05:17:33 WARNING (MainThread) [homeassistant.helpers.entity] Update of light.awning is taking over 10 seconds
2019-05-05 05:18:04 WARNING (MainThread) [homeassistant.helpers.entity] Update of light.awning is taking over 10 seconds
2019-05-05 05:19:36 WARNING (MainThread) [homeassistant.helpers.entity] Update of light.awning is taking over 10 seconds
2019-05-05 05:20:07 WARNING (MainThread) [homeassistant.helpers.entity] Update of light.awning is taking over 10 seconds
2019-05-05 05:21:39 WARNING (MainThread) [homeassistant.helpers.entity] Update of light.awning is taking over 10 seconds
2019-05-05 05:22:10 WARNING (MainThread) [homeassistant.helpers.entity] Update of light.awning is taking over 10 seconds
2019-05-05 05:23:12 WARNING (MainThread) [homeassistant.helpers.entity] Update of light.awning is taking over 10 seconds
2019-05-05 05:23:42 WARNING (MainThread) [homeassistant.helpers.entity] Update of light.awning is taking over 10 seconds
2019-05-05 05:24:43 WARNING (MainThread) [homeassistant.helpers.entity] Update of light.awning is taking over 10 seconds
2019-05-05 05:25:44 WARNING (MainThread) [homeassistant.helpers.entity] Update of light.awning is taking over 10 seconds
2019-05-05 05:26:15 WARNING (MainThread) [homeassistant.helpers.entity] Update of light.awning is taking over 10 seconds
2019-05-05 05:26:45 WARNING (MainThread) [homeassistant.helpers.entity] Update of light.awning is taking over 10 seconds
2019-05-05 05:27:46 WARNING (MainThread) [homeassistant.helpers.entity] Update of light.awning is taking over 10 seconds
2019-05-05 05:28:16 WARNING (MainThread) [homeassistant.helpers.entity] Update of light.awning is taking over 10 seconds
2019-05-05 05:28:47 WARNING (MainThread) [homeassistant.helpers.entity] Update of light.awning is taking over 10 seconds
2019-05-05 05:29:18 WARNING (MainThread) [homeassistant.helpers.entity] Update of light.awning is taking over 10 seconds
2019-05-05 05:29:49 WARNING (MainThread) [homeassistant.helpers.entity] Update of light.awning is taking over 10 seconds
2019-05-05 05:31:51 WARNING (MainThread) [homeassistant.helpers.entity] Update of light.awning is taking over 10 seconds
2019-05-05 05:32:22 WARNING (MainThread) [homeassistant.helpers.entity] Update of light.awning is taking over 10 seconds
2019-05-05 05:32:53 WARNING (MainThread) [homeassistant.helpers.entity] Update of light.awning is taking over 10 seconds
2019-05-05 06:06:45 WARNING (MainThread) [homeassistant.helpers.entity] Update of light.awning is taking over 10 seconds
2019-05-05 06:19:43 ERROR (Thread-5) [pychromecast.socket_client] [group 1:42316] Error reading from socket.
2019-05-05 06:19:43 WARNING (Thread-5) [pychromecast.socket_client] [group 1:42316] Error communicating with socket, resetting connection
2019-05-05 06:20:07 WARNING (MainThread) [homeassistant.helpers.entity] Update of light.awning is taking over 10 seconds
2019-05-05 06:20:37 WARNING (MainThread) [homeassistant.helpers.entity] Update of light.awning is taking over 10 seconds
2019-05-05 06:21:08 WARNING (MainThread) [homeassistant.helpers.entity] Update of light.awning is taking over 10 seconds
2019-05-05 06:21:39 WARNING (MainThread) [homeassistant.helpers.entity] Update of light.awning is taking over 10 seconds
2019-05-05 06:22:10 WARNING (MainThread) [homeassistant.helpers.entity] Update of light.awning is taking over 10 seconds
2019-05-05 06:22:40 WARNING (MainThread) [homeassistant.helpers.entity] Update of light.awning is taking over 10 seconds
2019-05-05 06:23:11 WARNING (MainThread) [homeassistant.helpers.entity] Update of light.awning is taking over 10 seconds
2019-05-05 06:23:42 WARNING (MainThread) [homeassistant.helpers.entity] Update of light.awning is taking over 10 seconds
2019-05-05 06:25:14 WARNING (MainThread) [homeassistant.helpers.entity] Update of light.awning is taking over 10 seconds
2019-05-05 06:25:45 WARNING (MainThread) [homeassistant.helpers.entity] Update of light.awning is taking over 10 seconds
2019-05-05 06:26:46 WARNING (MainThread) [homeassistant.helpers.entity] Update of light.awning is taking over 10 seconds
2019-05-05 06:27:17 WARNING (MainThread) [homeassistant.helpers.entity] Update of light.awning is taking over 10 seconds
2019-05-05 06:28:18 WARNING (MainThread) [homeassistant.helpers.entity] Update of light.awning is taking over 10 seconds
2019-05-05 06:28:48 WARNING (MainThread) [homeassistant.helpers.entity] Update of light.awning is taking over 10 seconds
2019-05-05 06:29:19 WARNING (MainThread) [homeassistant.helpers.entity] Update of light.awning is taking over 10 seconds
2019-05-05 06:29:49 WARNING (MainThread) [homeassistant.helpers.entity] Update of light.awning is taking over 10 seconds
2019-05-05 06:30:51 WARNING (MainThread) [homeassistant.helpers.entity] Update of light.awning is taking over 10 seconds
2019-05-05 06:31:22 WARNING (MainThread) [homeassistant.helpers.entity] Update of light.awning is taking over 10 seconds
2019-05-05 06:31:53 WARNING (MainThread) [homeassistant.helpers.entity] Update of light.awning is taking over 10 seconds
2019-05-05 06:32:55 WARNING (MainThread) [homeassistant.helpers.entity] Update of light.awning is taking over 10 seconds
2019-05-05 06:33:26 WARNING (MainThread) [homeassistant.helpers.entity] Update of light.awning is taking over 10 seconds
2019-05-05 06:35:28 WARNING (MainThread) [homeassistant.helpers.entity] Update of light.awning is taking over 10 seconds
2019-05-05 06:35:48 ERROR (Thread-5) [pychromecast.socket_client] [group 1:42316] Error reading from socket.
2019-05-05 06:35:48 WARNING (Thread-5) [pychromecast.socket_client] [group 1:42316] Error communicating with socket, resetting connection
2019-05-05 06:36:30 WARNING (MainThread) [homeassistant.helpers.entity] Update of light.awning is taking over 10 seconds
2019-05-05 06:37:32 WARNING (MainThread) [homeassistant.helpers.entity] Update of light.awning is taking over 10 seconds
2019-05-05 06:38:03 WARNING (MainThread) [homeassistant.helpers.entity] Update of light.awning is taking over 10 seconds
2019-05-05 06:38:33 WARNING (MainThread) [homeassistant.helpers.entity] Update of light.awning is taking over 10 seconds
2019-05-05 06:39:35 WARNING (MainThread) [homeassistant.helpers.entity] Update of light.awning is taking over 10 seconds
2019-05-05 06:40:37 WARNING (MainThread) [homeassistant.helpers.entity] Update of light.awning is taking over 10 seconds
2019-05-05 06:41:08 WARNING (MainThread) [homeassistant.helpers.entity] Update of light.awning is taking over 10 seconds
2019-05-05 06:42:10 WARNING (MainThread) [homeassistant.helpers.entity] Update of light.awning is taking over 10 seconds
2019-05-05 06:55:27 ERROR (MainThread) [frontend.js.latest.201904240] https://ra0hcs8sknbwomk6dlx56orpltojnji3.ui.nabu.casa/frontend_latest/chunk.4e658893eb3987694e23.js:1:973 TypeError: undefined is not an object (evaluating 'window.webkit.messageHandlers.externalBus.postMessage')
2019-05-05 06:55:28 ERROR (MainThread) [frontend.js.latest.201904240] https://ra0hcs8sknbwomk6dlx56orpltojnji3.ui.nabu.casa/frontend_latest/chunk.4e658893eb3987694e23.js:1:973 TypeError: undefined is not an object (evaluating 'window.webkit.messageHandlers.externalBus.postMessage')
2019-05-05 07:04:32 ERROR (MainThread) [frontend.js.latest.201904240] https://ra0hcs8sknbwomk6dlx56orpltojnji3.ui.nabu.casa/frontend_latest/chunk.4e658893eb3987694e23.js:1:973 TypeError: undefined is not an object (evaluating 'window.webkit.messageHandlers.externalBus.postMessage')
2019-05-05 07:05:48 WARNING (MainThread) [homeassistant.helpers.entity] Update of light.awning is taking over 10 seconds
2019-05-05 07:07:52 WARNING (MainThread) [homeassistant.helpers.entity] Update of light.awning is taking over 10 seconds
2019-05-05 07:10:27 WARNING (MainThread) [homeassistant.helpers.entity] Update of light.awning is taking over 10 seconds
2019-05-05 07:10:57 WARNING (MainThread) [homeassistant.helpers.entity] Update of light.awning is taking over 10 seconds
2019-05-05 07:11:28 WARNING (MainThread) [homeassistant.helpers.entity] Update of light.awning is taking over 10 seconds
2019-05-05 07:11:58 WARNING (MainThread) [homeassistant.helpers.entity] Update of light.awning is taking over 10 seconds
2019-05-05 07:12:29 WARNING (MainThread) [homeassistant.helpers.entity] Update of light.awning is taking over 10 seconds
2019-05-05 07:12:59 WARNING (MainThread) [homeassistant.helpers.entity] Update of light.awning is taking over 10 seconds
2019-05-05 07:13:30 WARNING (MainThread) [homeassistant.helpers.entity] Update of light.awning is taking over 10 seconds
2019-05-05 07:13:45 ERROR (Thread-5) [pychromecast.socket_client] [group 1:42316] Error reading from socket.
2019-05-05 07:13:45 WARNING (Thread-5) [pychromecast.socket_client] [group 1:42316] Error communicating with socket, resetting connection
2019-05-05 07:15:03 WARNING (MainThread) [homeassistant.helpers.entity] Update of light.awning is taking over 10 seconds
2019-05-05 07:15:57 ERROR (MainThread) [frontend.js.latest.201904240] https://ra0hcs8sknbwomk6dlx56orpltojnji3.ui.nabu.casa/frontend_latest/chunk.4e658893eb3987694e23.js:1:973 TypeError: undefined is not an object (evaluating 'window.webkit.messageHandlers.externalBus.postMessage')
2019-05-05 07:16:00 ERROR (MainThread) [frontend.js.latest.201904240] https://ra0hcs8sknbwomk6dlx56orpltojnji3.ui.nabu.casa/frontend_latest/chunk.4e658893eb3987694e23.js:1:973 TypeError: undefined is not an object (evaluating 'window.webkit.messageHandlers.externalBus.postMessage')
2019-05-05 07:16:05 ERROR (MainThread) [frontend.js.latest.201904240] https://ra0hcs8sknbwomk6dlx56orpltojnji3.ui.nabu.casa/frontend_latest/chunk.4e658893eb3987694e23.js:1:973 TypeError: undefined is not an object (evaluating 'window.webkit.messageHandlers.externalBus.postMessage')
2019-05-05 07:24:48 ERROR (Thread-5) [pychromecast.socket_client] [group 1:42316] Error reading from socket.
2019-05-05 07:24:48 WARNING (Thread-5) [pychromecast.socket_client] [group 1:42316] Error communicating with socket, resetting connection
2019-05-05 07:26:54 WARNING (MainThread) [homeassistant.helpers.entity] Update of light.awning is taking over 10 seconds
2019-05-05 07:27:25 WARNING (MainThread) [homeassistant.helpers.entity] Update of light.awning is taking over 10 seconds
2019-05-05 07:29:27 WARNING (MainThread) [homeassistant.helpers.entity] Update of light.awning is taking over 10 seconds
2019-05-05 07:32:33 WARNING (MainThread) [homeassistant.helpers.entity] Update of light.awning is taking over 10 seconds
2019-05-05 07:33:34 WARNING (MainThread) [homeassistant.helpers.entity] Update of light.awning is taking over 10 seconds
2019-05-05 07:34:36 WARNING (MainThread) [homeassistant.helpers.entity] Update of light.awning is taking over 10 seconds
2019-05-05 07:35:37 WARNING (MainThread) [homeassistant.helpers.entity] Update of light.awning is taking over 10 seconds
2019-05-05 07:35:46 ERROR (Thread-5) [pychromecast.socket_client] [group 1:42316] Error reading from socket.
2019-05-05 07:35:46 WARNING (Thread-5) [pychromecast.socket_client] [group 1:42316] Error communicating with socket, resetting connection
2019-05-05 07:37:41 WARNING (MainThread) [homeassistant.helpers.entity] Update of light.awning is taking over 10 seconds
2019-05-05 07:38:43 WARNING (MainThread) [homeassistant.helpers.entity] Update of light.awning is taking over 10 seconds
2019-05-05 07:40:46 WARNING (MainThread) [homeassistant.helpers.entity] Update of light.awning is taking over 10 seconds
2019-05-05 07:41:13 ERROR (Thread-5) [pychromecast.socket_client] [group 1:42316] Error reading from socket.
2019-05-05 07:41:13 WARNING (Thread-5) [pychromecast.socket_client] [group 1:42316] Error communicating with socket, resetting connection
2019-05-05 07:42:17 ERROR (Thread-5) [pychromecast.socket_client] [group 1:42316] Error reading from socket.
2019-05-05 07:42:17 WARNING (Thread-5) [pychromecast.socket_client] [group 1:42316] Error communicating with socket, resetting connection
2019-05-05 07:42:49 WARNING (MainThread) [homeassistant.helpers.entity] Update of light.awning is taking over 10 seconds
2019-05-05 07:43:51 WARNING (MainThread) [homeassistant.helpers.entity] Update of light.awning is taking over 10 seconds
2019-05-05 07:44:51 ERROR (Thread-5) [pychromecast.socket_client] [group 1:42316] Error reading from socket.
2019-05-05 07:44:51 WARNING (Thread-5) [pychromecast.socket_client] [group 1:42316] Error communicating with socket, resetting connection
2019-05-05 07:46:54 WARNING (MainThread) [homeassistant.helpers.entity] Update of light.awning is taking over 10 seconds
2019-05-05 07:47:56 WARNING (MainThread) [homeassistant.helpers.entity] Update of light.awning is taking over 10 seconds
2019-05-05 07:49:17 ERROR (Thread-5) [pychromecast.socket_client] [group 1:42316] Error reading from socket.
2019-05-05 07:49:17 WARNING (Thread-5) [pychromecast.socket_client] [group 1:42316] Error communicating with socket, resetting connection
2019-05-05 07:49:17 ERROR (Thread-5) [pychromecast.socket_client] [group 1:42316] Failed to connect to service Google-Cast-Group-DFD6517A121A4433BCED519D158DC7EB._googlecast._tcp.local., retrying in 5.0s
2019-05-05 07:49:59 WARNING (MainThread) [homeassistant.helpers.entity] Update of light.awning is taking over 10 seconds
2019-05-05 07:50:30 WARNING (MainThread) [homeassistant.helpers.entity] Update of light.awning is taking over 10 seconds
2019-05-05 07:51:00 WARNING (MainThread) [homeassistant.helpers.entity] Update of light.awning is taking over 10 seconds
2019-05-05 07:52:33 WARNING (MainThread) [homeassistant.helpers.entity] Update of light.awning is taking over 10 seconds
2019-05-05 07:53:14 WARNING (MainThread) [homeassistant.helpers.entity] Update of camera.front_floodlight is taking over 10 seconds
2019-05-05 07:53:15 ERROR (Thread-5) [pychromecast.socket_client] [group 1:42316] Error reading from socket.
2019-05-05 07:53:15 WARNING (Thread-5) [pychromecast.socket_client] [group 1:42316] Error communicating with socket, resetting connection
2019-05-05 07:57:18 ERROR (Thread-5) [pychromecast.socket_client] [group 1:42316] Error reading from socket.
2019-05-05 07:57:18 WARNING (Thread-5) [pychromecast.socket_client] [group 1:42316] Error communicating with socket, resetting connection
2019-05-05 08:02:29 WARNING (MainThread) [homeassistant.helpers.entity] Update of camera.front_floodlight is taking over 10 seconds
